2025-11-06 15:42:00 | DEBUG | repo=course-sys-int-osgi-seminar | action=pull
2025-02-14 07:59:00 | DEBUG | repo=course-sys-int-osgi-seminar | action=commit
2025-08-22 21:39:00 | INFO | repo=course-sys-int-osgi-seminar | action=commit
2025-03-04 10:12:00 | WARN | repo=course-sys-int-osgi-seminar | action=edit | files=4
2025-03-05 20:08:00 | DEBUG | repo=course-sys-int-osgi-seminar | action=commit
2025-03-03 07:48:00 | WARN | repo=course-sys-int-osgi-seminar | action=commit
2025-10-05 19:32:00 | WARN | repo=course-sys-int-osgi-seminar | action=commit
2025-04-12 12:29:00 | WARN | repo=course-sys-int-osgi-seminar | action=commit
2025-11-26 11:15:00 | INFO | repo=course-sys-int-osgi-seminar | action=pull
2025-02-08 15:50:00 | WARN | repo=course-sys-int-osgi-seminar | action=edit | files=3
2025-03-18 21:44:00 | WARN | repo=course-sys-int-osgi-seminar | action=commit
2025-06-26 07:58:00 | INFO | repo=course-sys-int-osgi-seminar | action=commit
2025-02-23 08:12:00 | WARN | repo=course-sys-int-osgi-seminar | action=commit
2025-09-13 07:10:00 | WARN | repo=course-sys-int-osgi-seminar | action=commit
2025-12-12 20:31:00 | DEBUG | repo=course-sys-int-osgi-seminar | action=commit
2025-06-25 13:42:00 | INFO | repo=course-sys-int-osgi-seminar | action=commit
2025-06-22 07:53:00 | INFO | repo=course-sys-int-osgi-seminar | action=commit
2025-04-16 21:01:00 | DEBUG | repo=course-sys-int-osgi-seminar | action=commit
2025-01-28 12:39:00 | DEBUG | repo=course-sys-int-osgi-seminar | action=commit
2025-01-26 19:11:00 | WARN | repo=course-sys-int-osgi-seminar | action=commit
2025-06-07 09:57:00 | INFO | repo=course-sys-int-osgi-seminar | action=commit
2025-09-25 17:55:00 | DEBUG | repo=course-sys-int-osgi-seminar | action=edit | files=4
2025-11-21 18:39:00 | WARN | repo=course-sys-int-osgi-seminar | action=commit
2025-04-02 09:52:00 | WARN | repo=course-sys-int-osgi-seminar | action=commit
2025-03-05 20:30:00 | DEBUG | repo=course-sys-int-osgi-seminar | action=edit | files=5
2025-02-25 11:28:00 | WARN | repo=course-sys-int-osgi-seminar | action=commit
2025-11-11 17:37:00 | WARN | repo=course-sys-int-osgi-seminar | action=commit
2025-07-02 15:10:00 | INFO | repo=course-sys-int-osgi-seminar | action=commit
2025-09-16 13:34:00 | DEBUG | repo=course-sys-int-osgi-seminar | action=commit
